This file contains any messages produced by compilers while
running configure, to aid debugging if configure makes a mistake.

It was created by wxsf configure 1.13.0 beta, which was
generated by GNU Autoconf 2.68.  Invocation command line was

  $ ./configure 

## --------- ##
## Platform. ##
## --------- ##

hostname = BarryLinux
uname -m = x86_64
uname -r = 4.15.0-72-generic
uname -s = Linux
uname -v = #81-Ubuntu SMP Tue Nov 26 12:20:02 UTC 2019

/usr/bin/uname -p = unknown
/bin/uname -X     = unknown

/bin/arch              = unknown
/usr/bin/arch -k       = unknown
/usr/convex/getsysinfo = unknown
/usr/bin/hostinfo      = unknown
/bin/machine           = unknown
/usr/bin/oslevel       = unknown
/bin/universe          = unknown

PATH: /usr/local/sbin
PATH: /usr/local/bin
PATH: /usr/sbin
PATH: /usr/bin
PATH: /sbin
PATH: /bin
PATH: /usr/games
PATH: /usr/local/games


## ----------- ##
## Core tests. ##
## ----------- ##

configure:1996: checking build system type
configure:2010: result: x86_64-unknown-linux-gnu
configure:2030: checking host system type
configure:2043: result: x86_64-unknown-linux-gnu
configure:2063: checking target system type
configure:2076: result: x86_64-unknown-linux-gnu
configure:2236: checking for the --enable-debug option
configure:2248: result: will be automatically detected
configure:2266: checking for the --enable-unicode option
configure:2278: result: will be automatically detected
configure:2296: checking for the --enable-shared option
configure:2308: result: will be automatically detected
configure:2328: checking for the --with-toolkit option
configure:2331: result: will be automatically detected
configure:2362: checking for the --with-wxshared option
configure:2374: result: will be automatically detected
configure:2397: checking for the --with-wxversion option
configure:2400: result: will be automatically detected
configure:2522: checking for wx-config
configure:2541: found /usr/local/bin/wx-config
configure:2554: result: /usr/local/bin/wx-config
configure:2569: checking for wxWidgets version >= 2.8.0
configure:2615: result: yes (version 3.1.1)
configure:2619: checking for wxWidgets static library
configure:2623: result: no
configure:2785: checking if wxWidgets was built with UNICODE enabled
configure:2792: result: yes
configure:2809: checking if wxWidgets was built in DEBUG mode
configure:2821: result: no
configure:2833: checking if wxWidgets was built in STATIC mode
configure:2845: result: no
configure:2867: checking which wxWidgets toolkit was selected
configure:2897: result: gtk2
configure:3011: checking for gcc
configure:3027: found /usr/bin/gcc
configure:3038: result: gcc
configure:3267: checking for C compiler version
configure:3276: gcc --version >&5
gcc (Ubuntu 7.4.0-1ubuntu1~18.04.1) 7.4.0
Copyright (C) 2017 Free Software Foundation, Inc.
This is free software; see the source for copying conditions.  There is NO
warranty; not even for MERCHANTABILITY or FITNESS FOR A PARTICULAR PURPOSE.

configure:3287: $? = 0
configure:3276: gcc -v >&5
Using built-in specs.
COLLECT_GCC=gcc
COLLECT_LTO_WRAPPER=/usr/lib/gcc/x86_64-linux-gnu/7/lto-wrapper
OFFLOAD_TARGET_NAMES=nvptx-none
OFFLOAD_TARGET_DEFAULT=1
Target: x86_64-linux-gnu
Configured with: ../src/configure -v --with-pkgversion='Ubuntu 7.4.0-1ubuntu1~18.04.1' --with-bugurl=file:///usr/share/doc/gcc-7/README.Bugs --enable-languages=c,ada,c++,go,brig,d,fortran,objc,obj-c++ --prefix=/usr --with-gcc-major-version-only --program-suffix=-7 --program-prefix=x86_64-linux-gnu- --enable-shared --enable-linker-build-id --libexecdir=/usr/lib --without-included-gettext --enable-threads=posix --libdir=/usr/lib --enable-nls --with-sysroot=/ --enable-clocale=gnu --enable-libstdcxx-debug --enable-libstdcxx-time=yes --with-default-libstdcxx-abi=new --enable-gnu-unique-object --disable-vtable-verify --enable-libmpx --enable-plugin --enable-default-pie --with-system-zlib --with-target-system-zlib --enable-objc-gc=auto --enable-multiarch --disable-werror --with-arch-32=i686 --with-abi=m64 --with-multilib-list=m32,m64,mx32 --enable-multilib --with-tune=generic --enable-offload-targets=nvptx-none --without-cuda-driver --enable-checking=release --build=x86_64-linux-gnu --host=x86_64-linux-gnu --target=x86_64-linux-gnu
Thread model: posix
gcc version 7.4.0 (Ubuntu 7.4.0-1ubuntu1~18.04.1) 
configure:3287: $? = 0
configure:3276: gcc -V >&5
gcc: error: unrecognized command line option '-V'
gcc: fatal error: no input files
compilation terminated.
configure:3287: $? = 1
configure:3276: gcc -qversion >&5
gcc: error: unrecognized command line option '-qversion'; did you mean '--version'?
gcc: fatal error: no input files
compilation terminated.
configure:3287: $? = 1
configure:3307: checking whether the C compiler works
configure:3329: gcc  -O2   conftest.c  >&5
configure:3333: $? = 0
configure:3381: result: yes
configure:3384: checking for C compiler default output file name
configure:3386: result: a.out
configure:3392: checking for suffix of executables
configure:3399: gcc -o conftest  -O2   conftest.c  >&5
configure:3403: $? = 0
configure:3425: result: 
configure:3447: checking whether we are cross compiling
configure:3455: gcc -o conftest  -O2   conftest.c  >&5
configure:3459: $? = 0
configure:3466: ./conftest
configure:3470: $? = 0
configure:3485: result: no
configure:3490: checking for suffix of object files
configure:3512: gcc -c  -O2  conftest.c >&5
configure:3516: $? = 0
configure:3537: result: o
configure:3541: checking whether we are using the GNU C compiler
configure:3560: gcc -c  -O2  conftest.c >&5
configure:3560: $? = 0
configure:3569: result: yes
configure:3578: checking whether gcc accepts -g
configure:3598: gcc -c -g  conftest.c >&5
configure:3598: $? = 0
configure:3639: result: yes
configure:3656: checking for gcc option to accept ISO C89
configure:3720: gcc  -c  -O2  conftest.c >&5
configure:3720: $? = 0
configure:3733: result: none needed
configure:3813: checking for g++
configure:3829: found /usr/bin/g++
configure:3840: result: g++
configure:3867: checking for C++ compiler version
configure:3876: g++ --version >&5
g++ (Ubuntu 7.4.0-1ubuntu1~18.04.1) 7.4.0
Copyright (C) 2017 Free Software Foundation, Inc.
This is free software; see the source for copying conditions.  There is NO
warranty; not even for MERCHANTABILITY or FITNESS FOR A PARTICULAR PURPOSE.

configure:3887: $? = 0
configure:3876: g++ -v >&5
Using built-in specs.
COLLECT_GCC=g++
COLLECT_LTO_WRAPPER=/usr/lib/gcc/x86_64-linux-gnu/7/lto-wrapper
OFFLOAD_TARGET_NAMES=nvptx-none
OFFLOAD_TARGET_DEFAULT=1
Target: x86_64-linux-gnu
Configured with: ../src/configure -v --with-pkgversion='Ubuntu 7.4.0-1ubuntu1~18.04.1' --with-bugurl=file:///usr/share/doc/gcc-7/README.Bugs --enable-languages=c,ada,c++,go,brig,d,fortran,objc,obj-c++ --prefix=/usr --with-gcc-major-version-only --program-suffix=-7 --program-prefix=x86_64-linux-gnu- --enable-shared --enable-linker-build-id --libexecdir=/usr/lib --without-included-gettext --enable-threads=posix --libdir=/usr/lib --enable-nls --with-sysroot=/ --enable-clocale=gnu --enable-libstdcxx-debug --enable-libstdcxx-time=yes --with-default-libstdcxx-abi=new --enable-gnu-unique-object --disable-vtable-verify --enable-libmpx --enable-plugin --enable-default-pie --with-system-zlib --with-target-system-zlib --enable-objc-gc=auto --enable-multiarch --disable-werror --with-arch-32=i686 --with-abi=m64 --with-multilib-list=m32,m64,mx32 --enable-multilib --with-tune=generic --enable-offload-targets=nvptx-none --without-cuda-driver --enable-checking=release --build=x86_64-linux-gnu --host=x86_64-linux-gnu --target=x86_64-linux-gnu
Thread model: posix
gcc version 7.4.0 (Ubuntu 7.4.0-1ubuntu1~18.04.1) 
configure:3887: $? = 0
configure:3876: g++ -V >&5
g++: error: unrecognized command line option '-V'
g++: fatal error: no input files
compilation terminated.
configure:3887: $? = 1
configure:3876: g++ -qversion >&5
g++: error: unrecognized command line option '-qversion'; did you mean '--version'?
g++: fatal error: no input files
compilation terminated.
configure:3887: $? = 1
configure:3891: checking whether we are using the GNU C++ compiler
configure:3910: g++ -c  -O2  conftest.cpp >&5
configure:3910: $? = 0
configure:3919: result: yes
configure:3928: checking whether g++ accepts -g
configure:3948: g++ -c -g  conftest.cpp >&5
configure:3948: $? = 0
configure:3989: result: yes
configure:4033: checking whether we are using the Intel C compiler
configure:4053: gcc -c  -O2  conftest.c >&5
conftest.c: In function 'main':
conftest.c:15:17: error: unknown type name 'choke'
                 choke me
                 ^~~~~
configure:4053: $? = 1
configure: failed program was:
| /* confdefs.h */
| #define PACKAGE_NAME "wxsf"
| #define PACKAGE_TARNAME "wxsf"
| #define PACKAGE_VERSION "1.13.0 beta"
| #define PACKAGE_STRING "wxsf 1.13.0 beta"
| #define PACKAGE_BUGREPORT "michal.bliznak@tiscali.cz"
| #define PACKAGE_URL ""
| /* end confdefs.h.  */
| 
| int
| main ()
| {
| 
|              #ifndef __INTEL_COMPILER
|                 choke me
|              #endif
| 
|   ;
|   return 0;
| }
configure:4063: result: no
configure:4793: checking whether we are using the Intel C++ compiler
configure:4813: g++ -c  -O2  conftest.cpp >&5
conftest.cpp: In function 'int main()':
conftest.cpp:15:17: error: 'choke' was not declared in this scope
                 choke me
                 ^~~~~
configure:4813: $? = 1
configure: failed program was:
| /* confdefs.h */
| #define PACKAGE_NAME "wxsf"
| #define PACKAGE_TARNAME "wxsf"
| #define PACKAGE_VERSION "1.13.0 beta"
| #define PACKAGE_STRING "wxsf 1.13.0 beta"
| #define PACKAGE_BUGREPORT "michal.bliznak@tiscali.cz"
| #define PACKAGE_URL ""
| /* end confdefs.h.  */
| 
| int
| main ()
| {
| 
|              #ifndef __INTEL_COMPILER
|                 choke me
|              #endif
| 
|   ;
|   return 0;
| }
configure:4823: result: no
configure:5321: checking whether we are using the Sun C++ compiler
configure:5341: g++ -c  -O2  conftest.cpp >&5
conftest.cpp: In function 'int main()':
conftest.cpp:15:17: error: 'choke' was not declared in this scope
                 choke me
                 ^~~~~
configure:5341: $? = 1
configure: failed program was:
| /* confdefs.h */
| #define PACKAGE_NAME "wxsf"
| #define PACKAGE_TARNAME "wxsf"
| #define PACKAGE_VERSION "1.13.0 beta"
| #define PACKAGE_STRING "wxsf 1.13.0 beta"
| #define PACKAGE_BUGREPORT "michal.bliznak@tiscali.cz"
| #define PACKAGE_URL ""
| /* end confdefs.h.  */
| 
| int
| main ()
| {
| 
|              #ifndef __SUNPRO_CC
|                 choke me
|              #endif
| 
|   ;
|   return 0;
| }
configure:5351: result: no
configure:5554: checking for a BSD-compatible install
configure:5622: result: /usr/bin/install -c
configure:5694: checking for ranlib
configure:5710: found /usr/bin/ranlib
configure:5721: result: ranlib
configure:5744: checking whether ln -s works
configure:5748: result: yes
configure:5756: checking whether make sets $(MAKE)
configure:5778: result: yes
configure:5841: checking for ar
configure:5857: found /usr/bin/ar
configure:5868: result: ar
configure:5937: checking for strip
configure:5953: found /usr/bin/strip
configure:5964: result: strip
configure:6029: checking for nm
configure:6045: found /usr/bin/nm
configure:6056: result: nm
configure:6079: checking for command to install directories
configure:6086: result: /usr/bin/install -c -d
configure:6104: checking if make is GNU make
configure:6118: result: yes
configure:7160: checking for dependency tracking method
configure:7181: result: gcc
configure:7827: creating ./config.status

## ---------------------- ##
## Running config.status. ##
## ---------------------- ##

This file was extended by wxsf config.status 1.13.0 beta, which was
generated by GNU Autoconf 2.68.  Invocation command line was

  CONFIG_FILES    = 
  CONFIG_HEADERS  = 
  CONFIG_LINKS    = 
  CONFIG_COMMANDS = 
  $ ./config.status 

on BarryLinux

config.status:839: creating Makefile

## ---------------- ##
## Cache variables. ##
## ---------------- ##

ac_cv_build=x86_64-unknown-linux-gnu
ac_cv_c_compiler_gnu=yes
ac_cv_cxx_compiler_gnu=yes
ac_cv_env_CCC_set=
ac_cv_env_CCC_value=
ac_cv_env_CC_set=
ac_cv_env_CC_value=
ac_cv_env_CFLAGS_set=
ac_cv_env_CFLAGS_value=
ac_cv_env_CPPFLAGS_set=
ac_cv_env_CPPFLAGS_value=
ac_cv_env_CXXFLAGS_set=
ac_cv_env_CXXFLAGS_value=
ac_cv_env_CXX_set=
ac_cv_env_CXX_value=
ac_cv_env_LDFLAGS_set=
ac_cv_env_LDFLAGS_value=
ac_cv_env_LIBS_set=
ac_cv_env_LIBS_value=
ac_cv_env_build_alias_set=
ac_cv_env_build_alias_value=
ac_cv_env_host_alias_set=
ac_cv_env_host_alias_value=
ac_cv_env_target_alias_set=
ac_cv_env_target_alias_value=
ac_cv_host=x86_64-unknown-linux-gnu
ac_cv_objext=o
ac_cv_path_WX_CONFIG_PATH=/usr/local/bin/wx-config
ac_cv_path_install='/usr/bin/install -c'
ac_cv_prog_ac_ct_AR=ar
ac_cv_prog_ac_ct_CC=gcc
ac_cv_prog_ac_ct_CXX=g++
ac_cv_prog_ac_ct_NM=nm
ac_cv_prog_ac_ct_RANLIB=ranlib
ac_cv_prog_ac_ct_STRIP=strip
ac_cv_prog_cc_c89=
ac_cv_prog_cc_g=yes
ac_cv_prog_cxx_g=yes
ac_cv_prog_make_make_set=yes
ac_cv_target=x86_64-unknown-linux-gnu
bakefile_cv_c_compiler___INTEL_COMPILER=no
bakefile_cv_cxx_compiler___INTEL_COMPILER=no
bakefile_cv_cxx_compiler___SUNPRO_CC=no
bakefile_cv_prog_makeisgnu=yes

## ----------------- ##
## Output variables. ##
## ----------------- ##

AIX_CXX_LD=''
AR='ar'
AROPTIONS='rcu'
BK_DEPS='/home/barry/Work/Development/Projects/MRL/OpcHMI/wxSF/bk-deps'
CC='gcc'
CFLAGS=' -O2'
COND_DEPS_TRACKING_0='#'
COND_DEPS_TRACKING_1=''
COND_PLATFORM_MACOSX_0_USE_SOVERCYGWIN_0_USE_SOVERSION_1=''
COND_PLATFORM_MACOSX_0_USE_SOVERSION_1=''
COND_PLATFORM_MACOSX_1='#'
COND_PLATFORM_MACOSX_1_USE_SOVERSION_1='#'
COND_PLATFORM_MAC_0=''
COND_PLATFORM_MAC_1='#'
COND_PLATFORM_OS2_1='#'
COND_PLATFORM_WIN32_1='#'
COND_SHARED_1=''
COND_USE_SOTWOSYMLINKS_1=''
COND_USE_SOVERCYGWIN_1_USE_SOVERSION_1='#'
COND_USE_SOVERLINUX_1=''
COND_USE_SOVERSION_0='#'
COND_USE_SOVERSION_1_USE_SOVERSOLARIS_1='#'
COND_USE_SOVERSOLARIS_1='#'
COND_WINDOWS_IMPLIB_1='#'
COND_WX_DEBUG_0=''
COND_WX_DEBUG_0_WX_UNICODE_1=''
COND_WX_DEBUG_1='#'
COND_WX_DEBUG_1_WX_UNICODE_0='#'
COND_WX_DEBUG_1_WX_UNICODE_1='#'
COND_WX_SHARED_0='#'
COND_WX_SHARED_1=''
CPPFLAGS=''
CXX='g++'
CXXFLAGS=' -O2'
DEFS='-DPACKAGE_NAME=\"wxsf\" -DPACKAGE_TARNAME=\"wxsf\" -DPACKAGE_VERSION=\"1.13.0\ beta\" -DPACKAGE_STRING=\"wxsf\ 1.13.0\ beta\" -DPACKAGE_BUGREPORT=\"michal.bliznak@tiscali.cz\" -DPACKAGE_URL=\"\"'
DEPS_TRACKING='1'
DLLIMP_SUFFIX='so'
DLLPREFIX='lib'
DLLPREFIX_MODULE=''
ECHO_C=''
ECHO_N='-n'
ECHO_T=''
EXEEXT=''
IF_GNU_MAKE=''
INSTALL_DATA='${INSTALL} -m 644'
INSTALL_DIR='$(INSTALL) -d'
INSTALL_PROGRAM='${INSTALL}'
INSTALL_SCRIPT='${INSTALL}'
LDFLAGS=''
LDFLAGS_GUI=''
LIBEXT='.a'
LIBOBJS=''
LIBPREFIX='lib'
LIBS=''
LN_S='ln -s'
LTLIBOBJS=''
MAKE_SET=''
NM='nm'
OBJCXXFLAGS=''
OBJEXT='o'
PACKAGE_BUGREPORT='michal.bliznak@tiscali.cz'
PACKAGE_NAME='wxsf'
PACKAGE_STRING='wxsf 1.13.0 beta'
PACKAGE_TARNAME='wxsf'
PACKAGE_URL=''
PACKAGE_VERSION='1.13.0 beta'
PATH_SEPARATOR=':'
PIC_FLAG='-fPIC -DPIC'
PLATFORM_BEOS='0'
PLATFORM_MAC='0'
PLATFORM_MACOS='0'
PLATFORM_MACOSX='0'
PLATFORM_MSDOS='0'
PLATFORM_OS2='0'
PLATFORM_UNIX='1'
PLATFORM_WIN32='0'
RANLIB='ranlib'
REZ=''
SETFILE=''
SET_MAKE=''
SHARED_LD_CC='$(CC) -shared -fPIC -o'
SHARED_LD_CXX='$(CXX) -shared -fPIC -o'
SHARED_LD_MODULE_CC='$(CC) -shared -fPIC -o'
SHARED_LD_MODULE_CXX='$(CXX) -shared -fPIC -o'
SHELL='/bin/bash'
SONAME_FLAG='-Wl,-soname,'
SO_SUFFIX='so'
SO_SUFFIX_MODULE='so'
STRIP='strip'
USE_MACVERSION='0'
USE_SOTWOSYMLINKS='1'
USE_SOVERCYGWIN='0'
USE_SOVERLINUX='1'
USE_SOVERSION='1'
USE_SOVERSOLARIS='0'
WINDOWS_IMPLIB='0'
WINDRES=''
WX_CFLAGS='-I/usr/local/lib/wx/include/gtk2-unicode-3.1 -I/usr/local/include/wx-3.1 -D_FILE_OFFSET_BITS=64 -DWXUSINGDLL -D__WXGTK__ -pthread'
WX_CFLAGS_ONLY='-pthread'
WX_CONFIG_PATH='/usr/local/bin/wx-config'
WX_CPPFLAGS='-I/usr/local/lib/wx/include/gtk2-unicode-3.1 -I/usr/local/include/wx-3.1 -D_FILE_OFFSET_BITS=64 -DWXUSINGDLL -D__WXGTK__'
WX_CXXFLAGS='-I/usr/local/lib/wx/include/gtk2-unicode-3.1 -I/usr/local/include/wx-3.1 -D_FILE_OFFSET_BITS=64 -DWXUSINGDLL -D__WXGTK__ -pthread'
WX_CXXFLAGS_ONLY=''
WX_DEBUG='0'
WX_LIBS='-L/usr/local/lib -pthread   -lwx_baseu_xml-3.1 -lwx_gtk2u_core-3.1 -lwx_baseu-3.1 '
WX_LIBS_STATIC=''
WX_PORT='gtk2'
WX_RESCOMP=''
WX_SHARED='1'
WX_UNICODE='1'
WX_VERSION='3.1.1'
WX_VERSION_MAJOR='3'
WX_VERSION_MICRO='1'
WX_VERSION_MINOR='1'
ac_ct_CC='gcc'
ac_ct_CXX='g++'
bindir='${exec_prefix}/bin'
build='x86_64-unknown-linux-gnu'
build_alias=''
build_cpu='x86_64'
build_os='linux-gnu'
build_vendor='unknown'
datadir='${datarootdir}'
datarootdir='${prefix}/share'
dlldir='${exec_prefix}/lib'
docdir='${datarootdir}/doc/${PACKAGE_TARNAME}'
dvidir='${docdir}'
exec_prefix='${prefix}'
host='x86_64-unknown-linux-gnu'
host_alias=''
host_cpu='x86_64'
host_os='linux-gnu'
host_vendor='unknown'
htmldir='${docdir}'
includedir='${prefix}/include'
infodir='${datarootdir}/info'
libdir='${exec_prefix}/lib'
libexecdir='${exec_prefix}/libexec'
localedir='${datarootdir}/locale'
localstatedir='${prefix}/var'
mandir='${datarootdir}/man'
oldincludedir='/usr/include'
pdfdir='${docdir}'
prefix='/usr/local'
program_transform_name='s,x,x,'
psdir='${docdir}'
sbindir='${exec_prefix}/sbin'
sharedstatedir='${prefix}/com'
sysconfdir='${prefix}/etc'
target='x86_64-unknown-linux-gnu'
target_alias=''
target_cpu='x86_64'
target_os='linux-gnu'
target_vendor='unknown'

## ----------- ##
## confdefs.h. ##
## ----------- ##

/* confdefs.h */
#define PACKAGE_NAME "wxsf"
#define PACKAGE_TARNAME "wxsf"
#define PACKAGE_VERSION "1.13.0 beta"
#define PACKAGE_STRING "wxsf 1.13.0 beta"
#define PACKAGE_BUGREPORT "michal.bliznak@tiscali.cz"
#define PACKAGE_URL ""

configure: exit 0
